[backblue.gif]
[fade.gif]
[index.html]
[xiao106347.blog.163.com/newpage/images/microblogc4ca.png]
[xiao106347.blog.163.com/newpage/images/center/hovbg.png]
[xiao106347.blog.163.com/index.html]
[xiao106347.blog.163.com/newpage/images/center/hovbg.png]
[xiao106347.blog.163.com/settings/index8e9e.html]
[xiao106347.blog.163.com/blog/${fn1(username)}.3.delayed]
[xiao106347.blog.163.com/blog/index.html]
[xiao106347.blog.163.com/friends/index.html]
[xiao106347.blog.163.com/profile/index.html]
[xiao106347.blog.163.com/rss]
[xiao106347.blog.163.com/newpage/images/blog/icn-shareae2b.png]
[xiao106347.blog.163.com/newpage/images/icon.png]
[xiao106347.blog.163.com/newpage/images/qingtheme/qing001/blogdetail_cntbg.png]
[xiao106347.blog.163.com/newpage/images/qingtheme/qing001/blogdetail_ftbg.png]
[xiao106347.blog.163.com/newpage/images/qingtheme/qing001/blogdetail_ttlbg.png]
[xiao106347.blog.163.com/newpage/images/publishtolofter/tolofterd9b1.png]
[xiao106347.blog.163.com/newpage/images/liketolofter/openlike24.png]
[xiao106347.blog.163.com/newpage/images/liketolofter/openlike8.png]
[xiao106347.blog.163.com/newpage/images/outlink/close.png]
[xiao106347.blog.163.com/newpage/images/publicaccount/sinav.png]
[xiao106347.blog.163.com/newpage/images/publicaccount/yx2d.png]
[xiao106347.blog.163.com/newpage/images/publicaccount/wx2d.jpg]
[xiao106347.blog.163.com/newpage/prettycode/prettify.css]
[xiao106347.blog.163.com/blog/static/215992078201451063823704a87a.html]
[xiao106347.blog.163.com/blog/static/215992078201401581042600/${fn1(x.visitorName)}&r=${visitor.imageUpdateTime}]
[xiao106347.blog.163.com/blog/static/215992078201401581042600/${fn1(x.visitorName)}]
[xiao106347.blog.163.com/blog/static/215992078201401581042600/${fn1(a.userName)}]
[xiao106347.blog.163.com/blog/static/215992078201401581042600/${fn1(x.recommenderName)}]
[xiao106347.blog.163.com/blog/static/215992078201401581042600/${x.referBlogUrl}]
[xiao106347.blog.163.com/blog/static/215992078201401581042600/${x.referHomePage}]
[xiao106347.blog.163.com/blog/static/215992078201401581042600/${x.blogUrl_default_]
[xiao106347.blog.163.com/blog/static/215992078201401581042600/${fn1(x.publisherUsername)}&r=${visitor.imageUpdateTime}]
[xiao106347.blog.163.com/blog/static/215992078201401581042600/${fn1(x.publisherUsername)}]
[xiao106347.blog.163.com/blog/static/215992078201401581042600/index.html]
[xiao106347.blog.163.com/newpage/prettycode/prettify.js]
[xiao106347.blog.163.com/blog/static/215992078201452742710221.html]
[xiao106347.blog.163.com/blog/static/215992078201401581042600a87a.html]
[xiao106347.blog.163.com/_http_/img2.ph.126.net/jjrppq4fzjSyenfPM5gQhA==/6598153885123422779.jpg/_]
[xiao106347.blog.163.com/_http_/xiao106347.blog.163.com/blog/static/21599207820146881432832/_]
[xiao106347.blog.163.com/_http_/xiao106347.blog.163.com/blog/static/2159920782014671571862/_]
[xiao106347.blog.163.com/_http_/xiao106347.blog.163.com/blog/static/215992078201464059117/_]
[xiao106347.blog.163.com/blog/static/215992078201451063823704/${fn1(x.visitorName)}&r=${visitor.imageUpdateTime}]
[xiao106347.blog.163.com/blog/static/215992078201451063823704/${fn1(x.visitorName)}]
[xiao106347.blog.163.com/blog/static/215992078201451063823704/${fn1(a.userName)}]
[xiao106347.blog.163.com/blog/static/215992078201451063823704/${fn1(x.recommenderName)}]
[xiao106347.blog.163.com/blog/static/215992078201451063823704/${x.referBlogUrl}]
[xiao106347.blog.163.com/blog/static/215992078201451063823704/${x.referHomePage}]
[xiao106347.blog.163.com/blog/static/215992078201451063823704/${x.blogUrl_default_]
[xiao106347.blog.163.com/blog/static/215992078201451063823704/${fn1(x.publisherUsername)}&r=${visitor.imageUpdateTime}]
[xiao106347.blog.163.com/blog/static/215992078201451063823704/${fn1(x.publisherUsername)}]
[xiao106347.blog.163.com/blog/static/215992078201451063823704/index.html]
[xiao106347.blog.163.com/blog/static/21599207820146106355368a87a.html]
[xiao106347.blog.163.com/blog/static/215992078201452922522733a87a.html]
[xiao106347.blog.163.com/blog/static/215992078201452742710221a87a.html]
[xiao106347.blog.163.com/blog/static/215992078201452581636216a87a.html]
[xiao106347.blog.163.com/blog/static/215992078201452234142366a87a.html]
[xiao106347.blog.163.com/blog/static/215992078201451915957619a87a.html]
[xiao106347.blog.163.com/blog/static/215992078201453113826865a87a.html]
[xiao106347.blog.163.com/blog/static/215992078201421375216510a87a.html]
[xiao106347.blog.163.com/blog/static/21599207820142811042926a87a.html]
[xiao106347.blog.163.com/blog/static/215992078201421114224677a87a.html]
[xiao106347.blog.163.com/_http_/xiao106347.blog.163.com/blog/static/21599207820146106355368/_]
[xiao106347.blog.163.com/_http_/xiao106347.blog.163.com/blog/static/215992078201452234142366/_]
[xiao106347.blog.163.com/_http_/xiao106347.blog.163.com/blog/static/215992078201451915957619/_]
[xiao106347.blog.163.com/blog/static/215992078201461945341229/${fn1(x.visitorName)}&r=${visitor.imageUpdateTime}]
[xiao106347.blog.163.com/blog/static/215992078201461945341229/${fn1(x.visitorName)}]
[xiao106347.blog.163.com/blog/static/215992078201461945341229/${fn1(a.userName)}]
[xiao106347.blog.163.com/blog/static/215992078201461945341229/${fn1(x.recommenderName)}]
[xiao106347.blog.163.com/blog/static/215992078201461945341229/${x.referBlogUrl}]
[xiao106347.blog.163.com/blog/static/215992078201461945341229/${x.referHomePage}]
[xiao106347.blog.163.com/blog/static/215992078201461945341229/${x.blogUrl_default_]
[xiao106347.blog.163.com/blog/static/215992078201461945341229/${fn1(x.publisherUsername)}&r=${visitor.imageUpdateTime}]
[xiao106347.blog.163.com/blog/static/215992078201461945341229/${fn1(x.publisherUsername)}]
[xiao106347.blog.163.com/blog/static/215992078201461945341229/index.html]
[xiao106347.blog.163.com/blog/static/2159920782014415312675a87a.html]
[xiao106347.blog.163.com/blog/static/21599207820142351810338a87a.html]
[xiao106347.blog.163.com/blog/static/21599207820146161357171a87a.html]
[xiao106347.blog.163.com/blog/static/215992078201452203624772a87a.html]
[xiao106347.blog.163.com/blog/static/21599207820143654858634a87a.html]
[xiao106347.blog.163.com/_http_/img1.ph.126.net/1iY1xI8O5oRbMkglP0qdpQ==/6608710296259583143.jpg/_]
[xiao106347.blog.163.com/_https_/blog-xiao106347.rhcloud.com/_]
[xiao106347.blog.163.com/_https_/www.openshift.com/_]
[xiao106347.blog.163.com/blog/static/21599207820146106355368/${fn1(x.visitorName)}&r=${visitor.imageUpdateTime}]
[xiao106347.blog.163.com/blog/static/21599207820146106355368/${fn1(x.visitorName)}]
[xiao106347.blog.163.com/blog/static/21599207820146106355368/${fn1(a.4b.delayed]
[xiao106347.blog.163.com/blog/static/21599207820146106355368/${fn1(x.recommenderName)}]
[xiao106347.blog.163.com/blog/static/21599207820146106355368/${x.referBlogUrl}]
[xiao106347.blog.163.com/blog/static/21599207820146106355368/${x.referHomePage}]
[xiao106347.blog.163.com/blog/static/21599207820146106355368/${x.4f.delayed]
[xiao106347.blog.163.com/blog/static/21599207820146106355368/${fn1(x.publisherUsername)}&r=${visitor.imageUpdateTime}]
[xiao106347.blog.163.com/blog/static/21599207820146106355368/${fn1(x.publisherUsername)}]
[xiao106347.blog.163.com/blog/static/21599207820146106355368/index.html]
[xiao106347.blog.163.com/blog/static/215992078201464059117a87a.html]
[xiao106347.blog.163.com/blog/static/215992078201463597381a87a.html]
[xiao106347.blog.163.com/blog/static/21599207820145301171251a87a.html]
[xiao106347.blog.163.com/blog/static/215992078201428112038580a87a.html]
[xiao106347.blog.163.com/blog/static/215992078201401223746744a87a.html]
[xiao106347.blog.163.com/blog/static/2159920782013111995945233a87a.html]
[xiao106347.blog.163.com/blog/static/215992078201310433450175a87a.html]
[xiao106347.blog.163.com/blog/static/2159920782013101224632205a87a.html]
[xiao106347.blog.163.com/blog/static/215992078201310223233644a87a.html]
[xiao106347.blog.163.com/blog/static/21599207820131022113031889a87a.html]
[xiao106347.blog.163.com/blog/static/21599207820146881432832/${fn1(x.visitorName)}&r=${visitor.imageUpdateTime}]
[xiao106347.blog.163.com/blog/static/21599207820146881432832/${fn1(x.5d.delayed]
[xiao106347.blog.163.com/blog/static/21599207820146881432832/${fn1(a.userName)}]
[xiao106347.blog.163.com/blog/static/21599207820146881432832/${fn1(x.recommenderName)}]
[xiao106347.blog.163.com/blog/static/21599207820146881432832/${x.referBlogUrl}]
[xiao106347.blog.163.com/blog/static/21599207820146881432832/${x.61.delayed]
[xiao106347.blog.163.com/blog/static/21599207820146881432832/${x.blogUrl_default_]
[xiao106347.blog.163.com/blog/static/21599207820146881432832/${fn1(x.publisherUsername)}&r=${visitor.imageUpdateTime}]
[xiao106347.blog.163.com/blog/static/21599207820146881432832/${fn1(x.publisherUsername)}]
[xiao106347.blog.163.com/blog/static/21599207820146881432832/index.html]
[xiao106347.blog.163.com/blog/static/215992078201311110157144a87a.html]
[xiao106347.blog.163.com/blog/static/215992078201310253172937a87a.html]
[xiao106347.blog.163.com/_http_/img2.ph.126.net/vT-g2SoeHP8Ha9np7Mn-xg==/6608505787096801001.jpg/_]
[xiao106347.blog.163.com/blog/static/2159920782014671571862/${fn1(x.visitorName)}&r=${visitor.imageUpdateTime}]
[xiao106347.blog.163.com/blog/static/2159920782014671571862/${fn1(x.visitorName)}]
[xiao106347.blog.163.com/blog/static/2159920782014671571862/${fn1(a.6a.delayed]
[xiao106347.blog.163.com/blog/static/2159920782014671571862/${fn1(x.recommenderName)}]
[xiao106347.blog.163.com/blog/static/2159920782014671571862/${x.6c.delayed]
[xiao106347.blog.163.com/blog/static/2159920782014671571862/${x.referHomePage}]
[xiao106347.blog.163.com/blog/static/2159920782014671571862/${x.blogUrl_default_]
[xiao106347.blog.163.com/blog/static/2159920782014671571862/${fn1(x.publisherUsername)}&r=${visitor.imageUpdateTime}]
[xiao106347.blog.163.com/blog/static/2159920782014671571862/${fn1(x.publisherUsername)}]
[xiao106347.blog.163.com/blog/static/2159920782014671571862/index.html]
[xiao106347.blog.163.com/_http_/img1.ph.126.net/l5Q_KzCu6Nk4JpMz0c5dsQ==/3027263374623491848.png/_.71.delayed]
[xiao106347.blog.163.com/blog/static/215992078201464059117/${fn1(x.visitorName)}&r=${visitor.imageUpdateTime}]
[xiao106347.blog.163.com/blog/static/215992078201464059117/${fn1(x.visitorName)}]
[xiao106347.blog.163.com/blog/static/215992078201464059117/${fn1(a.userName)}]
[xiao106347.blog.163.com/blog/static/215992078201464059117/${fn1(x.recommenderName)}]
[xiao106347.blog.163.com/blog/static/215992078201464059117/${x.referBlogUrl}]
[xiao106347.blog.163.com/blog/static/215992078201464059117/${x.referHomePage}]
[xiao106347.blog.163.com/blog/static/215992078201464059117/${x.blogUrl_default_]
[xiao106347.blog.163.com/blog/static/215992078201464059117/${fn1(x.publisherUsername)}&r=${visitor.imageUpdateTime}]
[xiao106347.blog.163.com/profile/index3a01.html]
[xiao106347.blog.163.com/blog/static/215992078201464059117/${fn1(x.7a.delayed]
[xiao106347.blog.163.com/blog/static/215992078201464059117/index.html]
[xiao106347.blog.163.com/album/index.html]
[xiao106347.blog.163.com/blog/static/21599207820146302851904a87a.html]
[xiao106347.blog.163.com/music/index.html]
[xiao106347.blog.163.com/blog/static/21599207820145220553520a87a.html]
[xiao106347.blog.163.com/blog/static/215992078201451881239710a87a.html]
[xiao106347.blog.163.com/blog/blog/index.html]
[xiao106347.blog.163.com/blog/album/index.html]
[xiao106347.blog.163.com/blog/static/215992078201425920197a87a.html]
[xiao106347.blog.163.com/blog/static/215992078201401181817753a87a.html]
[xiao106347.blog.163.com/blog/music/index.html]
[xiao106347.blog.163.com/blog/collection/index.html]
[xiao106347.blog.163.com/blog/static/215992078201311851838a87a.html]
[xiao106347.blog.163.com/blog/static/215992078201310271832251a87a.html]
[xiao106347.blog.163.com/blog/static/21599207820131014101844104a87a.html]
[xiao106347.blog.163.com/blog/friends/index.html]
[xiao106347.blog.163.com/blog/static/21599207820141270301338a87a.html]
[xiao106347.blog.163.com/_http_/img2.ph.126.net/mu9d74kTfbWFf3i1Cq1sQg==/6608760873794424341.jpg/_]
[xiao106347.blog.163.com/blog/profile/index.html]
[xiao106347.blog.163.com/friends/blog/index.html]
[xiao106347.blog.163.com/friends/album/index.html]
[xiao106347.blog.163.com/friends/music/index.html]
[xiao106347.blog.163.com/_http_/xiao106347.blog.163.com/blog/static/21599207820141270301338/_]
[xiao106347.blog.163.com/friends/friends/index.html]
[xiao106347.blog.163.com/friends/collection/index.html]
[xiao106347.blog.163.com/friends/profile/index.html]
[xiao106347.blog.163.com/_http_/xiao106347.blog.163.com/blog/static/215992078201310184527682/_]
[xiao106347.blog.163.com/profile/album/index.html]
[xiao106347.blog.163.com/profile/blog/index.html]
[xiao106347.blog.163.com/profile/music/index.html]
[xiao106347.blog.163.com/blog/static/215992078201463597381/${fn1(x.visitorName)}&r=${visitor.imageUpdateTime}]
[xiao106347.blog.163.com/blog/static/215992078201463597381/${fn1(x.visitorName)}]
[xiao106347.blog.163.com/blog/static/215992078201463597381/${fn1(a.userName)}]
[xiao106347.blog.163.com/profile/collection/index.html]
[xiao106347.blog.163.com/blog/static/215992078201463597381/${fn1(x.recommenderName)}]
[xiao106347.blog.163.com/profile/profile/index.html]
[xiao106347.blog.163.com/blog/static/215992078201401581042600/${furl()}${x.permalink}/indexa102.html]
[xiao106347.blog.163.com/profile/friends/index.html]
[xiao106347.blog.163.com/blog/static/215992078201401581042600/${furl()}${x.permalink}/index.html]
[xiao106347.blog.163.com/blog/static/215992078201463597381/${x.referBlogUrl}]
[xiao106347.blog.163.com/${blogDetail.preBlogPermalink}/index.html]
[xiao106347.blog.163.com/blog/static/215992078201463597381/${x.referHomePage}]
[xiao106347.blog.163.com/blog/static/215992078201463597381/${x.blogUrl_default_]
[xiao106347.blog.163.com/blog/static/215992078201463597381/${fn1(x.publisherUsername)}&r=${visitor.imageUpdateTime}]
[xiao106347.blog.163.com/blog/static/215992078201463597381/${fn1(x.publisherUsername)}]
[xiao106347.blog.163.com/blog/static/215992078201463597381/index.html]
[xiao106347.blog.163.com/${blogDetail.nextBlogPermalink}/index.html]
[xiao106347.blog.163.com/_http_/img1.ph.126.net/pbStIvFE44_vOD0nXIJ4aA==/4928626842303974830.png/_]
[xiao106347.blog.163.com/_http_/xiao106347.blog.163.com/blog/static/21599207820131121112420259/_]
[xiao106347.blog.163.com/_http_/xiao106347.blog.163.com/blog/static/215992078201352055231824/_]
[xiao106347.blog.163.com/blog/static/21599207820146302851904/${fn1(x.visitorName)}&r=${visitor.imageUpdateTime}]
[xiao106347.blog.163.com/blog/static/21599207820146302851904/${fn1(x.visitorName)}]
[xiao106347.blog.163.com/blog/static/21599207820146302851904/${fn1(a.userName)}]
[xiao106347.blog.163.com/blog/static/21599207820146302851904/${fn1(x.recommenderName)}]
[xiao106347.blog.163.com/blog/static/21599207820146302851904/${x.referBlogUrl}]
[xiao106347.blog.163.com/blog/static/21599207820146302851904/${x.referHomePage}]
[xiao106347.blog.163.com/blog/static/21599207820146302851904/${x.blogUrl_default_]
[xiao106347.blog.163.com/blog/static/21599207820146302851904/${fn1(x.publisherUsername)}&r=${visitor.imageUpdateTime}]
[xiao106347.blog.163.com/blog/static/21599207820146302851904/${fn1(x.publisherUsername)}]
[xiao106347.blog.163.com/blog/static/21599207820146302851904/index.html]
[xiao106347.blog.163.com/blog/static/215992078201401581042600/blog/index.html]
[xiao106347.blog.163.com/blog/static/215992078201401115937300a87a.html]
[xiao106347.blog.163.com/blog/static/215992078201401581042600/album/index.html]
[xiao106347.blog.163.com/blog/static/215992078201311288592423a87a.html]
[xiao106347.blog.163.com/_http_/img2.ph.126.net/pUeJ0A9GF3X4vMZh9G_Z1Q==/294704300716558364.jpg/_]
[xiao106347.blog.163.com/blog/static/215992078201401581042600/collection/index.html]
[xiao106347.blog.163.com/blog/static/215992078201401581042600/friends/index.html]
[xiao106347.blog.163.com/blog/static/215992078201401581042600/profile/index.html]
[xiao106347.blog.163.com/blog/static/21599207820146161357171/${fn1(x.visitorName)}&r=${visitor.imageUpdateTime}]
[xiao106347.blog.163.com/blog/static/21599207820146161357171/${fn1(x.visitorName)}]
[xiao106347.blog.163.com/blog/static/21599207820146161357171/${fn1(a.userName)}]
[xiao106347.blog.163.com/blog/static/21599207820146161357171/${fn1(x.recommenderName)}]
[xiao106347.blog.163.com/blog/static/21599207820146161357171/${x.referBlogUrl}]
[xiao106347.blog.163.com/blog/static/21599207820146161357171/${x.referHomePage}]
[xiao106347.blog.163.com/blog/static/21599207820146161357171/${x.blogUrl_default_]
[xiao106347.blog.163.com/blog/static/21599207820146161357171/${fn1(x.publisherUsername)}&r=${visitor.imageUpdateTime}]
[xiao106347.blog.163.com/blog/static/21599207820146161357171/${fn1(x.publisherUsername)}]
[xiao106347.blog.163.com/blog/static/21599207820146161357171/index.html]
[xiao106347.blog.163.com/blog/static/2159920782014524104220886a87a.html]
[xiao106347.blog.163.com/blog/static/215992078201455102357304a87a.html]
[xiao106347.blog.163.com/blog/static/215992078201441010249708a87a.html]
[xiao106347.blog.163.com/blog/static/21599207820144525539343a87a.html]
[xiao106347.blog.163.com/blog/static/2159920782013102584614240a87a.html]
[xiao106347.blog.163.com/blog/static/215992078201411215547268a87a.html]
[xiao106347.blog.163.com/blog/static/215992078201461607366/${fn1(x.visitorName)}&r=${visitor.imageUpdateTime}]
[xiao106347.blog.163.com/blog/static/215992078201461607366/${fn1(x.visitorName)}]
[xiao106347.blog.163.com/blog/static/215992078201461607366/${fn1(a.userName)}]
[xiao106347.blog.163.com/blog/static/215992078201461607366/${fn1(x.recommenderName)}]
[xiao106347.blog.163.com/blog/static/215992078201461607366/${x.referBlogUrl}]
[xiao106347.blog.163.com/blog/static/215992078201461607366/${x.referHomePage}]
[xiao106347.blog.163.com/blog/static/215992078201461607366/${x.blogUrl_default_]
[xiao106347.blog.163.com/blog/static/215992078201461607366/${fn1(x.publisherUsername)}&r=${visitor.imageUpdateTime}]
[xiao106347.blog.163.com/blog/static/215992078201461607366/${fn1(x.publisherUsername)}]
[xiao106347.blog.163.com/blog/static/215992078201461607366/index.html]
[xiao106347.blog.163.com/blog/static/21599207820131021114349211a87a.html]
[xiao106347.blog.163.com/_http_/img1.ph.126.net/XKidq513H18MOaz-JGvRww==/6608642126538603499.jpg/_]
[xiao106347.blog.163.com/blog/static/21599207820145301171251/${fn1(x.visitorName)}&r=${visitor.imageUpdateTime}]
[xiao106347.blog.163.com/blog/static/21599207820145301171251/${fn1(x.visitorName)}]
[xiao106347.blog.163.com/blog/static/21599207820145301171251/${fn1(a.userName)}]
[xiao106347.blog.163.com/blog/static/21599207820145301171251/${fn1(x.bd.delayed]
[xiao106347.blog.163.com/blog/static/21599207820145301171251/${x.referBlogUrl}]
[xiao106347.blog.163.com/blog/static/21599207820145301171251/${x.referHomePage}]
[xiao106347.blog.163.com/blog/static/21599207820145301171251/${x.blogUrl_default_]
[xiao106347.blog.163.com/blog/static/21599207820145301171251/${fn1(x.publisherUsername)}&r=${visitor.imageUpdateTime}]
[xiao106347.blog.163.com/blog/static/21599207820145301171251/${fn1(x.publisherUsername)}]
[xiao106347.blog.163.com/blog/static/21599207820145301171251/index.html]
[xiao106347.blog.163.com/blog/static/215992078201311277241904a87a.html]
[xiao106347.blog.163.com/blog/static/21599207820131127103743789a87a.html]
[xiao106347.blog.163.com/_http_/img1.ph.126.net/gnzeHu8cjwdDQKroPNlonA==/2963087079933391261.jpg/_]
[xiao106347.blog.163.com/blog/static/215992078201452922522733/${fn1(x.visitorName)}&r=${visitor.c6.delayed]
[xiao106347.blog.163.com/blog/static/215992078201452922522733/${fn1(x.visitorName)}]
[xiao106347.blog.163.com/blog/static/215992078201452922522733/${fn1(a.userName)}]
[xiao106347.blog.163.com/blog/static/215992078201452922522733/${fn1(x.recommenderName)}]
[xiao106347.blog.163.com/blog/static/215992078201452922522733/${x.referBlogUrl}]
[xiao106347.blog.163.com/blog/static/215992078201452922522733/${x.referHomePage}]
[xiao106347.blog.163.com/blog/static/215992078201452922522733/${x.blogUrl_default_]
[xiao106347.blog.163.com/blog/static/215992078201452922522733/${fn1(x.publisherUsername)}&r=${visitor.imageUpdateTime}]
[xiao106347.blog.163.com/blog/static/215992078201452922522733/${fn1(x.publisherUsername)}]
[xiao106347.blog.163.com/blog/static/215992078201452922522733/index.html]
[xiao106347.blog.163.com/blog/static/21599207820145992432609a87a.html]
[xiao106347.blog.163.com/blog/static/21599207820140764510335a87a.html]
[xiao106347.blog.163.com/_http_/img2.ph.126.net/FRFqF7LM2C9jXZkM6YRbmg==/6608643226050213410.jpg/_]
[xiao106347.blog.163.com/blog/static/215992078201452742710221/${fn1(x.visitorName)}&r=${visitor.imageUpdateTime}]
[xiao106347.blog.163.com/blog/static/215992078201452742710221/${fn1(x.d3.delayed]
[xiao106347.blog.163.com/blog/static/215992078201452742710221/${fn1(a.d4.delayed]
[xiao106347.blog.163.com/blog/static/215992078201452742710221/${fn1(x.recommenderName)}]
[xiao106347.blog.163.com/blog/static/215992078201452742710221/${x.referBlogUrl}]
[xiao106347.blog.163.com/blog/static/215992078201452742710221/${x.referHomePage}]
[xiao106347.blog.163.com/blog/static/215992078201452742710221/${x.blogUrl_default_]
[xiao106347.blog.163.com/blog/static/215992078201452742710221/${fn1(x.publisherUsername)}&r=${visitor.imageUpdateTime}]
[xiao106347.blog.163.com/blog/static/215992078201452742710221/${fn1(x.da.delayed]
[xiao106347.blog.163.com/blog/static/215992078201452742710221/index.html]
[xiao106347.blog.163.com/blog/static/215992078201311512333509a87a.html]
[xiao106347.blog.163.com/blog/static/2159920782013113110825196a87a.html]
[xiao106347.blog.163.com/blog/static/21599207820131131110682a87a.html]
[xiao106347.blog.163.com/blog/static/2159920782014510105348447a87a.html]
[xiao106347.blog.163.com/_http_/img2.ph.126.net/0SypHFdlydtn_yJl47QYWw==/6608540971468821260.jpg/_.df.delayed]
[xiao106347.blog.163.com/_http_/dl.hexchat.net/hexchat/debian/_]
[xiao106347.blog.163.com/blog/static/215992078201452581636216/${fn1(x.visitorName)}&r=${visitor.imageUpdateTime}]
[xiao106347.blog.163.com/blog/static/215992078201452581636216/${fn1(x.visitorName)}]
[xiao106347.blog.163.com/blog/static/215992078201452581636216/${fn1(a.userName)}]
[xiao106347.blog.163.com/blog/static/215992078201452581636216/${fn1(x.recommenderName)}]
[xiao106347.blog.163.com/blog/static/215992078201452581636216/${x.referBlogUrl}]
[xiao106347.blog.163.com/blog/static/215992078201452581636216/${x.referHomePage}]
[xiao106347.blog.163.com/blog/static/215992078201452581636216/${x.blogUrl_default_]
[xiao106347.blog.163.com/blog/static/215992078201452581636216/${fn1(x.publisherUsername)}&r=${visitor.imageUpdateTime}]
[xiao106347.blog.163.com/blog/static/215992078201452581636216/${fn1(x.publisherUsername)}]
[xiao106347.blog.163.com/blog/static/215992078201452581636216/index.html]
[xiao106347.blog.163.com/_http_/img1.ph.126.net/mV3_waQFI2Sbz8i1uHXmzw==/6608177033121071488.jpg/_.ea.delayed]
[xiao106347.blog.163.com/blog/static/215992078201452234142366/${fn1(x.visitorName)}&r=${visitor.imageUpdateTime}]
[xiao106347.blog.163.com/blog/static/215992078201452234142366/${fn1(x.visitorName)}]
[xiao106347.blog.163.com/blog/static/215992078201452234142366/${fn1(a.userName)}]
[xiao106347.blog.163.com/blog/static/215992078201452234142366/${fn1(x.recommenderName)}]
[xiao106347.blog.163.com/blog/static/215992078201452234142366/${x.referBlogUrl}]
[xiao106347.blog.163.com/blog/static/215992078201452234142366/${x.referHomePage}]
[xiao106347.blog.163.com/blog/static/215992078201452234142366/${x.blogUrl_default_]
[xiao106347.blog.163.com/blog/static/215992078201452234142366/${fn1(x.publisherUsername)}&r=${visitor.imageUpdateTime}]
[xiao106347.blog.163.com/blog/static/215992078201452234142366/${fn1(x.publisherUsername)}]
[xiao106347.blog.163.com/blog/static/215992078201452234142366/index.html]
[xiao106347.blog.163.com/blog/static/215992078201442523150653a87a.html]
[xiao106347.blog.163.com/blog/static/215992078201342410347137a87a.html]
[xiao106347.blog.163.com/blog/static/2159920782013113013549364a87a.html]
[xiao106347.blog.163.com/_http_/img1.ph.126.net/5kiiJMq0IEzRzJjNmYAnBQ==/6608732286492051526.jpg/_]
[xiao106347.blog.163.com/blog/static/215992078201451915957619/${fn1(x.visitorName)}&r=${visitor.f8.delayed]
[xiao106347.blog.163.com/blog/static/215992078201451915957619/${fn1(x.visitorName)}]
[xiao106347.blog.163.com/blog/static/215992078201451915957619/${fn1(a.userName)}]
[xiao106347.blog.163.com/blog/static/215992078201451915957619/${fn1(x.recommenderName)}]
[xiao106347.blog.163.com/blog/static/215992078201451915957619/${x.referBlogUrl}]
[xiao106347.blog.163.com/blog/static/215992078201451915957619/${x.referHomePage}]
[xiao106347.blog.163.com/blog/static/215992078201451915957619/${x.blogUrl_default_]
[xiao106347.blog.163.com/blog/static/215992078201451915957619/${fn1(x.publisherUsername)}&r=${visitor.imageUpdateTime}]
[xiao106347.blog.163.com/blog/static/215992078201451915957619/${fn1(x.publisherUsername)}]
[xiao106347.blog.163.com/blog/static/215992078201451915957619/index.html]
[xiao106347.blog.163.com/blog/static/21599207820141270301338/${fn1(x.visitorName)}&r=${visitor.101.delayed]
[xiao106347.blog.163.com/blog/static/21599207820141270301338/${fn1(x.visitorName)}]
[xiao106347.blog.163.com/blog/static/21599207820141270301338/${fn1(a.userName)}]
[xiao106347.blog.163.com/blog/static/21599207820141270301338/${fn1(x.recommenderName)}]
[xiao106347.blog.163.com/blog/static/21599207820141270301338/${x.referBlogUrl}]
[xiao106347.blog.163.com/blog/static/21599207820141270301338/${x.referHomePage}]
[xiao106347.blog.163.com/blog/static/21599207820141270301338/${x.blogUrl_default_]
[xiao106347.blog.163.com/blog/static/21599207820141270301338/${fn1(x.publisherUsername)}&r=${visitor.imageUpdateTime}]
[xiao106347.blog.163.com/blog/static/21599207820141270301338/${fn1(x.publisherUsername)}]
[xiao106347.blog.163.com/blog/static/21599207820141270301338/index.html]
[xiao106347.blog.163.com/blog/static/215992078201310184527682/${fn1(x.visitorName)}&r=${visitor.10a.delayed]
[xiao106347.blog.163.com/blog/static/215992078201310184527682/${fn1(x.visitorName)}]
[xiao106347.blog.163.com/blog/static/215992078201310184527682/${fn1(a.userName)}]
[xiao106347.blog.163.com/blog/static/215992078201310184527682/${fn1(x.recommenderName)}]
[xiao106347.blog.163.com/blog/static/215992078201310184527682/${x.referBlogUrl}]
[xiao106347.blog.163.com/blog/static/215992078201310184527682/${x.referHomePage}]
[xiao106347.blog.163.com/blog/static/215992078201310184527682/${x.blogUrl_default_]
[xiao106347.blog.163.com/blog/static/215992078201310184527682/${fn1(x.publisherUsername)}&r=${visitor.imageUpdateTime}]
[xiao106347.blog.163.com/blog/static/215992078201310184527682/${fn1(x.publisherUsername)}]
[xiao106347.blog.163.com/blog/static/215992078201310184527682/index.html]
[xiao106347.blog.163.com/blog/static/215992078201352055231824a87a.html]
[xiao106347.blog.163.com/blog/static/2159920782013119111344893a87a.html]
[xiao106347.blog.163.com/blog/static/2159920782013523143959a87a.html]
[xiao106347.blog.163.com/blog/static/21599207820136161132836a87a.html]
[xiao106347.blog.163.com/_http_/img2.ph.126.net/wWmFdfJbxXZqdGnAYckX5g==/6598125297821101793.jpg/_]
[xiao106347.blog.163.com/blog/static/21599207820131121112420259/${fn1(x.visitorName)}&r=${visitor.imageUpdateTime}]
[xiao106347.blog.163.com/blog/static/21599207820131121112420259/${fn1(x.visitorName)}]
[xiao106347.blog.163.com/blog/static/21599207820131121112420259/${fn1(a.userName)}]
[xiao106347.blog.163.com/blog/static/21599207820131121112420259/${fn1(x.recommenderName)}]
[xiao106347.blog.163.com/blog/static/21599207820131121112420259/${x.referBlogUrl}]
[xiao106347.blog.163.com/blog/static/21599207820131121112420259/${x.11d.delayed]
[xiao106347.blog.163.com/blog/static/21599207820131121112420259/${x.blogUrl_default_]
[xiao106347.blog.163.com/blog/static/21599207820131121112420259/${fn1(x.publisherUsername)}&r=${visitor.imageUpdateTime}]
[xiao106347.blog.163.com/blog/static/21599207820131121112420259/${fn1(x.publisherUsername)}]
[xiao106347.blog.163.com/blog/static/21599207820131121112420259/index.html]
[xiao106347.blog.163.com/blog/static/21599207820131121112420259a87a.html]
[xiao106347.blog.163.com/blog/static/215992078201352055231824/index.html]
[xiao106347.blog.163.com/blog/static/2159920782013111995945233/index.html]
[xiao106347.blog.163.com/blog/static/2159920782014524104220886/index.html]
[xiao106347.blog.163.com/profile/index3a01.html]
[xiao106347.blog.163.com/collection/index.html]
[xiao106347.blog.163.com/rss/index.html]
[xiao106347.blog.163.com/album/index.html]
[xiao106347.blog.163.com/music/index.html]
[xiao106347.blog.163.com/blog/${fn1(username)}.html]
[xiao106347.blog.163.com/blog/blog/index.html]
[xiao106347.blog.163.com/blog/album/index.html]
[xiao106347.blog.163.com/blog/music/index.html]
[xiao106347.blog.163.com/blog/collection/index.html]
[xiao106347.blog.163.com/blog/friends/index.html]
[xiao106347.blog.163.com/blog/profile/index.html]
[xiao106347.blog.163.com/friends/blog/index.html]
[xiao106347.blog.163.com/friends/album/index.html]
[xiao106347.blog.163.com/friends/music/index.html]
[xiao106347.blog.163.com/friends/collection/index.html]
[xiao106347.blog.163.com/friends/friends/index.html]
[xiao106347.blog.163.com/friends/profile/index.html]
[xiao106347.blog.163.com/profile/misc/index.html]
[xiao106347.blog.163.com/profile/blog/index.html]
[xiao106347.blog.163.com/profile/album/index.html]
[xiao106347.blog.163.com/profile/music/index.html]
[xiao106347.blog.163.com/profile/collection/index.html]
[xiao106347.blog.163.com/profile/friends/index.html]
[xiao106347.blog.163.com/profile/profile/index.html]
[xiao106347.blog.163.com/newpage/images/qingtheme/qing001/blogdetail_cntbg.png]
[xiao106347.blog.163.com/newpage/images/qingtheme/qing001/blogdetail_ttlbg.png]
[xiao106347.blog.163.com/newpage/images/liketolofter/openlike24.png]
[xiao106347.blog.163.com/newpage/images/outlink/close.png]
[xiao106347.blog.163.com/newpage/images/publicaccount/sinav.png]
[xiao106347.blog.163.com/newpage/images/publicaccount/wx2d.jpg]
[xiao106347.blog.163.com/newpage/prettycode/prettify.css]
[xiao106347.blog.163.com/blog/static/215992078201451063823704a87a.html]
[xiao106347.blog.163.com/blog/static/215992078201401581042600/${fn1(x.visitorName)}&r=${visitor.html]
[xiao106347.blog.163.com/blog/static/215992078201401581042600/${fn1(x.html]
[xiao106347.blog.163.com/blog/static/215992078201401581042600/${fn1(a.html]
[xiao106347.blog.163.com/blog/static/215992078201401581042600/${furl()}${x.permalink}/indexa102.html]
[xiao106347.blog.163.com/blog/static/215992078201401581042600/${fn1(x-2.html]
[xiao106347.blog.163.com/blog/static/215992078201401581042600/${x.html]
[xiao106347.blog.163.com/blog/static/215992078201401581042600/${x-2.html]
[xiao106347.blog.163.com/blog/static/215992078201401581042600/${x-3.html]
[xiao106347.blog.163.com/blog/static/215992078201401581042600/${furl()}${x.permalink}/index.html]
[xiao106347.blog.163.com/${blogDetail.preBlogPermalink}/index.html]
[xiao106347.blog.163.com/${blogDetail.nextBlogPermalink}/index.html]
[xiao106347.blog.163.com/blog/static/215992078201401581042600/${fn1(x.publisherUsername)}&r=${visitor.html]
[xiao106347.blog.163.com/blog/static/215992078201401581042600/${fn1(x-3.html]
[xiao106347.blog.163.com/blog/static/215992078201401581042600/blog/index.html]
[xiao106347.blog.163.com/blog/static/215992078201401581042600/album/index.html]
[xiao106347.blog.163.com/blog/static/215992078201401581042600/collection/index.html]
[xiao106347.blog.163.com/blog/static/215992078201401581042600/friends/index.html]
[xiao106347.blog.163.com/blog/static/215992078201401581042600/profile/index.html]
[xiao106347.blog.163.com/newpage/prettycode/prettify.js]
[xiao106347.blog.163.com/blog/static/215992078201452742710221.html]
[xiao106347.blog.163.com/blog/static/215992078201453113826865/index.html]
[xiao106347.blog.163.com/blog/static/215992078201421375216510/index.html]
[xiao106347.blog.163.com/blog/static/21599207820142811042926/index.html]
[xiao106347.blog.163.com/blog/static/215992078201421114224677/index.html]
[xiao106347.blog.163.com/blog/static/215992078201411215547268/index.html]
[xiao106347.blog.163.com/blog/static/2159920782013113013549364/index.html]
[xiao106347.blog.163.com/blog/static/215992078201401144221581/index.html]
[xiao106347.blog.163.com/blog/static/2159920782014010113320376/index.html]
[xiao106347.blog.163.com/blog/static/2159920782014061417831/index.html]
[xiao106347.blog.163.com/blog/static/215992078201311831426572/index.html]
[xiao106347.blog.163.com/blog/static/215992078201311512333509/index.html]
[xiao106347.blog.163.com/blog/static/2159920782013102643231925/index.html]
[xiao106347.blog.163.com/blog/static/2159920782013928288628/index.html]
[xiao106347.blog.163.com/blog/static/215992078201342410347137/index.html]
[xiao106347.blog.163.com/blog/static/21599207820134219466752/index.html]
[xiao106347.blog.163.com/blog/static/215992078201332911919834/index.html]
[xiao106347.blog.163.com/blog/static/21599207820133110048751/index.html]
[xiao106347.blog.163.com/blog/static/2159920782013311124287/index.html]
[xiao106347.blog.163.com/blog/static/215992078201321811154779/index.html]
[xiao106347.blog.163.com/blog/static/2159920782013126102557220/index.html]
[xiao106347.blog.163.com/blog/static/2159920782013124105954667/index.html]
[xiao106347.blog.163.com/blog/static/215992078201452105244815/index.html]
